<?xml version="1.0" encoding="UTF-8"?>
<coverage generated="1709597572155" clover="3.2.0">
  <project timestamp="1709597572155" name="All files">
    <metrics statements="22" coveredstatements="22" conditionals="12" coveredconditionals="12" methods="4" coveredmethods="4" elements="38" coveredelements="38" complexity="0" loc="22" ncloc="22" packages="1" files="2" classes="2"/>
    <file name="bst-node.js" path="/Users/kimmykokonut/epicodus/computer-science/binary-search-tree/src/bst-node.js">
      <metrics statements="3" coveredstatements="3" conditionals="0" coveredconditionals="0" methods="1" coveredmethods="1"/>
      <line num="3" count="87" type="stmt"/>
      <line num="4" count="87" type="stmt"/>
      <line num="5" count="87" type="stmt"/>
    </file>
    <file name="bst.js" path="/Users/kimmykokonut/epicodus/computer-science/binary-search-tree/src/bst.js">
      <metrics statements="19" coveredstatements="19" conditionals="12" coveredconditionals="12" methods="3" coveredmethods="3"/>
      <line num="3" count="9" type="stmt"/>
      <line num="6" count="86" type="cond" truecount="2" falsecount="0"/>
      <line num="7" count="8" type="stmt"/>
      <line num="9" count="78" type="stmt"/>
      <line num="10" count="78" type="stmt"/>
      <line num="11" count="175" type="cond" truecount="2" falsecount="0"/>
      <line num="12" count="56" type="cond" truecount="2" falsecount="0"/>
      <line num="13" count="7" type="stmt"/>
      <line num="14" count="7" type="stmt"/>
      <line num="16" count="49" type="stmt"/>
      <line num="18" count="119" type="cond" truecount="2" falsecount="0"/>
      <line num="19" count="55" type="cond" truecount="2" falsecount="0"/>
      <line num="20" count="7" type="stmt"/>
      <line num="21" count="7" type="stmt"/>
      <line num="24" count="48" type="stmt"/>
      <line num="28" count="64" type="stmt"/>
      <line num="34" count="2" type="cond" truecount="2" falsecount="0"/>
      <line num="35" count="1" type="stmt"/>
      <line num="37" count="1" type="stmt"/>
    </file>
  </project>
</coverage>
