<?xml version="1.0" encoding="UTF-8"?>
<coverage generated="1709597439957" clover="3.2.0">
  <project timestamp="1709597439957" name="All files">
    <metrics statements="20" coveredstatements="20" conditionals="10" coveredconditionals="10" methods="4" coveredmethods="4" elements="34" coveredelements="34" complexity="0" loc="20" ncloc="20" packages="1" files="2" classes="2"/>
    <file name="bst-node.js" path="/Users/kimmykokonut/epicodus/computer-science/binary-search-tree/src/bst-node.js">
      <metrics statements="3" coveredstatements="3" conditionals="0" coveredconditionals="0" methods="1" coveredmethods="1"/>
      <line num="3" count="80" type="stmt"/>
      <line num="4" count="80" type="stmt"/>
      <line num="5" count="80" type="stmt"/>
    </file>
    <file name="bst.js" path="/Users/kimmykokonut/epicodus/computer-science/binary-search-tree/src/bst.js">
      <metrics statements="17" coveredstatements="17" conditionals="10" coveredconditionals="10" methods="3" coveredmethods="3"/>
      <line num="3" count="9" type="stmt"/>
      <line num="6" count="79" type="cond" truecount="2" falsecount="0"/>
      <line num="7" count="8" type="stmt"/>
      <line num="9" count="71" type="stmt"/>
      <line num="10" count="71" type="stmt"/>
      <line num="11" count="158" type="cond" truecount="2" falsecount="0"/>
      <line num="12" count="51" type="cond" truecount="2" falsecount="0"/>
      <line num="13" count="7" type="stmt"/>
      <line num="14" count="7" type="stmt"/>
      <line num="16" count="44" type="stmt"/>
      <line num="18" count="107" type="cond" truecount="2" falsecount="0"/>
      <line num="19" count="50" type="cond" truecount="2" falsecount="0"/>
      <line num="20" count="7" type="stmt"/>
      <line num="21" count="7" type="stmt"/>
      <line num="24" count="43" type="stmt"/>
      <line num="28" count="57" type="stmt"/>
      <line num="34" count="1" type="stmt"/>
    </file>
  </project>
</coverage>
