{"/Users/kimmykokonut/epicodus/computer-science/binary-search-tree/src/bst-node.js": {"path":"/Users/kimmykokonut/epicodus/computer-science/binary-search-tree/src/bst-node.js","statementMap":{"0":{"start":{"line":3,"column":4},"end":{"line":3,"column":21}},"1":{"start":{"line":4,"column":4},"end":{"line":4,"column":21}},"2":{"start":{"line":5,"column":5},"end":{"line":5,"column":23}}},"fnMap":{"0":{"name":"(anonymous_0)","decl":{"start":{"line":2,"column":2},"end":{"line":2,"column":3}},"loc":{"start":{"line":2,"column":20},"end":{"line":6,"column":3}},"line":2}},"branchMap":{},"s":{"0":87,"1":87,"2":87},"f":{"0":87},"b":{},"_coverageSchema":"43e27e138ebf9cfc5966b082cf9a028302ed4184","hash":"242dc6d5c400121e88106797751a11f51621e406"}
,"/Users/kimmykokonut/epicodus/computer-science/binary-search-tree/src/bst.js": {"path":"/Users/kimmykokonut/epicodus/computer-science/binary-search-tree/src/bst.js","statementMap":{"0":{"start":{"line":3,"column":4},"end":{"line":3,"column":21}},"1":{"start":{"line":6,"column":4},"end":{"line":31,"column":5}},"2":{"start":{"line":7,"column":6},"end":{"line":7,"column":31}},"3":{"start":{"line":9,"column":24},"end":{"line":9,"column":33}},"4":{"start":{"line":10,"column":6},"end":{"line":30,"column":7}},"5":{"start":{"line":11,"column":8},"end":{"line":29,"column":9}},"6":{"start":{"line":12,"column":10},"end":{"line":17,"column":11}},"7":{"start":{"line":13,"column":12},"end":{"line":13,"column":44}},"8":{"start":{"line":14,"column":12},"end":{"line":14,"column":24}},"9":{"start":{"line":16,"column":12},"end":{"line":16,"column":43}},"10":{"start":{"line":18,"column":15},"end":{"line":29,"column":9}},"11":{"start":{"line":19,"column":10},"end":{"line":26,"column":11}},"12":{"start":{"line":20,"column":12},"end":{"line":20,"column":45}},"13":{"start":{"line":21,"column":12},"end":{"line":21,"column":24}},"14":{"start":{"line":24,"column":12},"end":{"line":24,"column":44}},"15":{"start":{"line":28,"column":10},"end":{"line":28,"column":22}},"16":{"start":{"line":34,"column":4},"end":{"line":36,"column":5}},"17":{"start":{"line":35,"column":6},"end":{"line":35,"column":18}},"18":{"start":{"line":37,"column":4},"end":{"line":37,"column":17}}},"fnMap":{"0":{"name":"(anonymous_0)","decl":{"start":{"line":2,"column":2},"end":{"line":2,"column":3}},"loc":{"start":{"line":2,"column":16},"end":{"line":4,"column":3}},"line":2},"1":{"name":"(anonymous_1)","decl":{"start":{"line":5,"column":2},"end":{"line":5,"column":3}},"loc":{"start":{"line":5,"column":27},"end":{"line":32,"column":3}},"line":5},"2":{"name":"(anonymous_2)","decl":{"start":{"line":33,"column":2},"end":{"line":33,"column":3}},"loc":{"start":{"line":33,"column":16},"end":{"line":38,"column":3}},"line":33}},"branchMap":{"0":{"loc":{"start":{"line":6,"column":4},"end":{"line":31,"column":5}},"type":"if","locations":[{"start":{"line":6,"column":4},"end":{"line":31,"column":5}},{"start":{"line":6,"column":4},"end":{"line":31,"column":5}}],"line":6},"1":{"loc":{"start":{"line":11,"column":8},"end":{"line":29,"column":9}},"type":"if","locations":[{"start":{"line":11,"column":8},"end":{"line":29,"column":9}},{"start":{"line":11,"column":8},"end":{"line":29,"column":9}}],"line":11},"2":{"loc":{"start":{"line":12,"column":10},"end":{"line":17,"column":11}},"type":"if","locations":[{"start":{"line":12,"column":10},"end":{"line":17,"column":11}},{"start":{"line":12,"column":10},"end":{"line":17,"column":11}}],"line":12},"3":{"loc":{"start":{"line":18,"column":15},"end":{"line":29,"column":9}},"type":"if","locations":[{"start":{"line":18,"column":15},"end":{"line":29,"column":9}},{"start":{"line":18,"column":15},"end":{"line":29,"column":9}}],"line":18},"4":{"loc":{"start":{"line":19,"column":10},"end":{"line":26,"column":11}},"type":"if","locations":[{"start":{"line":19,"column":10},"end":{"line":26,"column":11}},{"start":{"line":19,"column":10},"end":{"line":26,"column":11}}],"line":19},"5":{"loc":{"start":{"line":34,"column":4},"end":{"line":36,"column":5}},"type":"if","locations":[{"start":{"line":34,"column":4},"end":{"line":36,"column":5}},{"start":{"line":34,"column":4},"end":{"line":36,"column":5}}],"line":34}},"s":{"0":9,"1":86,"2":8,"3":78,"4":78,"5":175,"6":56,"7":7,"8":7,"9":49,"10":119,"11":55,"12":7,"13":7,"14":48,"15":64,"16":2,"17":1,"18":1},"f":{"0":9,"1":86,"2":2},"b":{"0":[8,78],"1":[56,119],"2":[7,49],"3":[55,64],"4":[7,48],"5":[1,1]},"_coverageSchema":"43e27e138ebf9cfc5966b082cf9a028302ed4184","hash":"25e7096aef86c4d2efb99d9cb10b05ab15966357"}
}
