TN:
SF:/Users/kimmykokonut/epicodus/computer-science/binary-search-tree/src/bst-node.js
FN:2,(anonymous_0)
FNF:1
FNH:1
FNDA:108,(anonymous_0)
DA:3,108
DA:4,108
DA:5,108
LF:3
LH:3
BRF:0
BRH:0
end_of_record
TN:
SF:/Users/kimmykokonut/epicodus/computer-science/binary-search-tree/src/bst.js
FN:2,(anonymous_0)
FN:5,(anonymous_1)
FN:33,(anonymous_2)
FNF:3
FNH:3
FNDA:9,(anonymous_0)
FNDA:107,(anonymous_1)
FNDA:5,(anonymous_2)
DA:3,9
DA:6,107
DA:7,8
DA:9,99
DA:10,99
DA:11,226
DA:12,71
DA:13,7
DA:14,7
DA:16,64
DA:18,155
DA:19,70
DA:20,7
DA:21,7
DA:24,63
DA:28,85
DA:34,5
DA:35,1
DA:37,4
DA:38,4
DA:39,11
DA:40,3
DA:41,8
DA:42,5
DA:43,3
DA:44,3
DA:46,8
DA:47,1
LF:28
LH:28
BRDA:6,0,0,8
BRDA:6,0,1,99
BRDA:11,1,0,71
BRDA:11,1,1,155
BRDA:12,2,0,7
BRDA:12,2,1,64
BRDA:18,3,0,70
BRDA:18,3,1,85
BRDA:19,4,0,7
BRDA:19,4,1,63
BRDA:34,5,0,1
BRDA:34,5,1,4
BRDA:39,6,0,3
BRDA:39,6,1,8
BRDA:41,7,0,5
BRDA:41,7,1,3
BRDA:43,8,0,3
BRDA:43,8,1,0
BRDA:46,9,0,1
BRDA:46,9,1,7
BRF:20
BRH:19
end_of_record
