TN:
SF:/Users/kimmykokonut/epicodus/computer-science/binary-search-tree/src/bst-node.js
FN:2,(anonymous_0)
FNF:1
FNH:1
FNDA:80,(anonymous_0)
DA:3,80
DA:4,80
DA:5,80
LF:3
LH:3
BRF:0
BRH:0
end_of_record
TN:
SF:/Users/kimmykokonut/epicodus/computer-science/binary-search-tree/src/bst.js
FN:2,(anonymous_0)
FN:5,(anonymous_1)
FN:33,(anonymous_2)
FNF:3
FNH:3
FNDA:9,(anonymous_0)
FNDA:79,(anonymous_1)
FNDA:1,(anonymous_2)
DA:3,9
DA:6,79
DA:7,8
DA:9,71
DA:10,71
DA:11,158
DA:12,51
DA:13,7
DA:14,7
DA:16,44
DA:18,107
DA:19,50
DA:20,7
DA:21,7
DA:24,43
DA:28,57
DA:34,1
LF:17
LH:17
BRDA:6,0,0,8
BRDA:6,0,1,71
BRDA:11,1,0,51
BRDA:11,1,1,107
BRDA:12,2,0,7
BRDA:12,2,1,44
BRDA:18,3,0,50
BRDA:18,3,1,57
BRDA:19,4,0,7
BRDA:19,4,1,43
BRF:10
BRH:10
end_of_record
